<?xml version="1.0" encoding="UTF-8"?>
<!-- Generated by org.testng.reporters.JUnitXMLReporter -->
<testsuite hostname="KAMAL" ignored="0" name="Default test" tests="12" failures="0" timestamp="2022-09-28T17:35:10 IST" time="42.722" errors="0">
  <testcase name="atestEmail" time="2.521" classname="RegistrationForm.RegistrationFormTest"/>
  <testcase name="btestPassword" time="2.676" classname="RegistrationForm.RegistrationFormTest"/>
  <testcase name="ctestRepeatPassword" time="2.621" classname="RegistrationForm.RegistrationFormTest"/>
  <testcase name="dtestToVerifyRadioButtonExist" time="2.743" classname="RegistrationForm.RegistrationFormTest"/>
  <testcase name="etestToVerifyRadioButtonOneSelected" time="2.667" classname="RegistrationForm.RegistrationFormTest"/>
  <testcase name="ftestToVerifyRadioButtonTwoSelected" time="2.604" classname="RegistrationForm.RegistrationFormTest"/>
  <testcase name="gtestToVerifyRadioButtonSelected" time="2.552" classname="RegistrationForm.RegistrationFormTest"/>
  <testcase name="htestToVerifyCheckBoxOneSelected" time="2.559" classname="RegistrationForm.RegistrationFormTest"/>
  <testcase name="htestToVerifyCheckboxExist" time="0.695" classname="RegistrationForm.RegistrationFormTest"/>
  <testcase name="itestToVerifyCheckBoxTwoSelected" time="2.537" classname="RegistrationForm.RegistrationFormTest"/>
  <testcase name="jtestToVerifyCheckBoxThreeSelected" time="2.56" classname="RegistrationForm.RegistrationFormTest"/>
  <testcase name="testToVerifyRegistrationButton" time="2.495" classname="RegistrationForm.RegistrationFormTest"/>
</testsuite> <!-- Default test -->
