<?xml version="1.0" encoding="UTF-8"?>
<testng-results skipped="0" failed="0" ignored="0" total="1" passed="1">
  <reporter-output>
  </reporter-output>
  <suite name="Suite" duration-ms="235" started-at="2022-09-29T10:52:31 IST" finished-at="2022-09-29T10:52:31 IST">
    <groups>
    </groups>
    <test name="Test" duration-ms="235" started-at="2022-09-29T10:52:31 IST" finished-at="2022-09-29T10:52:31 IST">
      <class name="TestngExample.TestAnnotationParameter">
        <test-method status="PASS" signature="Sum(int, int)[pri:0, instance:TestngExample.TestAnnotationParameter@19b92f3]" name="Sum" duration-ms="62" started-at="2022-09-29T10:52:31 IST" finished-at="2022-09-29T10:52:31 IST">
          <params>
            <param index="0">
              <value>
                <![CDATA[2]]>
              </value>
            </param>
            <param index="1">
              <value>
                <![CDATA[3]]>
              </value>
            </param>
          </params>
          <reporter-output>
          </reporter-output>
        </test-method> <!-- Sum -->
      </class> <!-- TestngExample.TestAnnotationParameter -->
    </test> <!-- Test -->
  </suite> <!-- Suite -->
</testng-results>
