<?xml version="1.0" encoding="UTF-8"?>
<testng-results skipped="0" failed="0" ignored="0" total="1" passed="1">
  <reporter-output>
  </reporter-output>
  <suite name="Default suite" duration-ms="36194" started-at="2022-09-26T17:52:50 IST" finished-at="2022-09-26T17:53:26 IST">
    <groups>
    </groups>
    <test name="Default test" duration-ms="36194" started-at="2022-09-26T17:52:50 IST" finished-at="2022-09-26T17:53:26 IST">
      <class name="Practiceproject.Locatingwebpageelements">
        <test-method status="PASS" signature="beforeTest()[pri:0, instance:Practiceproject.Locatingwebpageelements@1553d26]" name="beforeTest" is-config="true" duration-ms="47" started-at="2022-09-26T17:52:50 IST" finished-at="2022-09-26T17:52:50 IST">
          <reporter-output>
          </reporter-output>
        </test-method> <!-- beforeTest -->
        <test-method status="PASS" signature="f()[pri:0, instance:Practiceproject.Locatingwebpageelements@1553d26]" name="f" duration-ms="36013" started-at="2022-09-26T17:52:50 IST" finished-at="2022-09-26T17:53:26 IST">
          <reporter-output>
          </reporter-output>
        </test-method> <!-- f -->
        <test-method status="PASS" signature="afterTest()[pri:0, instance:Practiceproject.Locatingwebpageelements@1553d26]" name="afterTest" is-config="true" duration-ms="0" started-at="2022-09-26T17:53:26 IST" finished-at="2022-09-26T17:53:26 IST">
          <reporter-output>
          </reporter-output>
        </test-method> <!-- afterTest -->
      </class> <!-- Practiceproject.Locatingwebpageelements -->
    </test> <!-- Default test -->
  </suite> <!-- Default suite -->
</testng-results>
