<?xml version="1.0" encoding="UTF-8"?>
<!-- Generated by org.testng.reporters.JUnitXMLReporter -->
<testsuite hostname="KAMAL" ignored="0" name="Default test" tests="4" failures="0" timestamp="2022-09-29T10:06:20 IST" time="0.214" errors="0">
  <testcase name="testMethodOne" time="0.038" classname="TestngExample.DataProviderTest"/>
  <testcase name="testMethodOne" time="0.005" classname="TestngExample.DataProviderTest"/>
  <testcase name="testMethodTwo" time="0.005" classname="TestngExample.DataProviderTest"/>
  <testcase name="testMethodTwo" time="0.005" classname="TestngExample.DataProviderTest"/>
</testsuite> <!-- Default test -->
